<?xml version="1.0" encoding="UTF-8"?>
<!-- Generated by org.testng.reporters.JUnitXMLReporter -->
<testsuite ignored="0" hostname="DESKTOP-EQU5M65" failures="5" tests="19" name="Test" time="337.516" errors="0" timestamp="2021-04-14T17:06:59 IST">
  <testcase classname="com.qa.OrangeHRM.Test.BaseTest" name="@AfterMethod tearDown" time="4.032">
    <failure type="org.openqa.selenium.WebDriverException" message="chrome not reachable
  (Session info: chrome=89.0.4389.114)
Build info: version: &amp;apos;3.14.0&amp;apos;, revision: &amp;apos;aacccce0&amp;apos;, time: &amp;apos;2018-08-02T20:19:58.91Z&amp;apos;
System info: host: &amp;apos;DESKTOP-EQU5M65&amp;apos;, ip: &amp;apos;192.168.42.181&amp;apos;, os.name: &amp;apos;Windows 10&amp;apos;, os.arch: &amp;apos;amd64&amp;apos;, os.version: &amp;apos;10.0&amp;apos;, java.version: &amp;apos;15.0.2&amp;apos;
Driver info: org.openqa.selenium.chrome.ChromeDriver
Capabilities {acceptInsecureCerts: false, browserName: chrome, browserVersion: 89.0.4389.114, chrome: {chromedriverVersion: 89.0.4389.23 (61b08ee2c5002..., userDataDir: C:\Users\A715914\AppData\Lo...}, goog:chromeOptions: {debuggerAddress: localhost:65436}, javascriptEnabled: true, networkConnectionEnabled: false, pageLoadStrategy: normal, platform: WINDOWS, platformName: WINDOWS, proxy: Proxy(), setWindowRect: true, strictFileInteractability: false, timeouts: {implicit: 0, pageLoad: 300000, script: 30000}, unhandledPromptBehavior: dismiss and notify, webauthn:extension:largeBlob: true, webauthn:virtualAuthenticators: true}
Session ID: 646aba684c1cdb3b839b24656f52cabe">
      <![CDATA[org.openqa.selenium.WebDriverException: chrome not reachable
  (Session info: chrome=89.0.4389.114)
Build info: version: '3.14.0', revision: 'aacccce0', time: '2018-08-02T20:19:58.91Z'
System info: host: 'DESKTOP-EQU5M65', ip: '192.168.42.181', os.name: 'Windows 10', os.arch: 'amd64', os.version: '10.0', java.version: '15.0.2'
Driver info: org.openqa.selenium.chrome.ChromeDriver
Capabilities {acceptInsecureCerts: false, browserName: chrome, browserVersion: 89.0.4389.114, chrome: {chromedriverVersion: 89.0.4389.23 (61b08ee2c5002..., userDataDir: C:\Users\A715914\AppData\Lo...}, goog:chromeOptions: {debuggerAddress: localhost:65436}, javascriptEnabled: true, networkConnectionEnabled: false, pageLoadStrategy: normal, platform: WINDOWS, platformName: WINDOWS, proxy: Proxy(), setWindowRect: true, strictFileInteractability: false, timeouts: {implicit: 0, pageLoad: 300000, script: 30000}, unhandledPromptBehavior: dismiss and notify, webauthn:extension:largeBlob: true, webauthn:virtualAuthenticators: true}
Session ID: 646aba684c1cdb3b839b24656f52cabe
at org.openqa.selenium.remote.http.W3CHttpResponseCodec.createException(W3CHttpResponseCodec.java:187)
at org.openqa.selenium.remote.http.W3CHttpResponseCodec.decode(W3CHttpResponseCodec.java:122)
at org.openqa.selenium.remote.http.W3CHttpResponseCodec.decode(W3CHttpResponseCodec.java:49)
at org.openqa.selenium.remote.HttpCommandExecutor.execute(HttpCommandExecutor.java:158)
at org.openqa.selenium.remote.service.DriverCommandExecutor.execute(DriverCommandExecutor.java:83)
at org.openqa.selenium.remote.RemoteWebDriver.execute(RemoteWebDriver.java:548)
at org.openqa.selenium.remote.RemoteWebDriver.execute(RemoteWebDriver.java:605)
at org.openqa.selenium.remote.RemoteWebDriver.close(RemoteWebDriver.java:438)
at com.qa.OrangeHRM.Test.BaseTest.tearDown(BaseTest.java:35)
at java.base/java.util.ArrayList.forEach(ArrayList.java:1511)
at java.base/java.util.concurrent.FutureTask.run(FutureTask.java:264)
at java.base/java.util.concurrent.ThreadPoolExecutor.runWorker(ThreadPoolExecutor.java:1130)
at java.base/java.util.concurrent.ThreadPoolExecutor$Worker.run(ThreadPoolExecutor.java:630)
at java.base/java.lang.Thread.run(Thread.java:832)
... Removed 28 stack frames]]>
    </failure>
  </testcase> <!-- @AfterMethod tearDown -->
  <testcase classname="com.qa.OrangeHRM.Test.BaseTest" name="@BeforeMethod setup" time="-1.618400088313E9">
    <skipped/>
  </testcase> <!-- @BeforeMethod setup -->
  <testcase classname="com.qa.OrangeHRM.Test.BaseTest" name="@AfterMethod tearDown" time="-1.618400088316E9">
    <skipped/>
  </testcase> <!-- @AfterMethod tearDown -->
  <testcase classname="com.qa.OrangeHRM.Test.BaseTest" name="@BeforeMethod setup" time="-1.618400088316E9">
    <skipped/>
  </testcase> <!-- @BeforeMethod setup -->
  <testcase classname="com.qa.OrangeHRM.Test.BaseTest" name="@AfterMethod tearDown" time="-1.618400088318E9">
    <skipped/>
  </testcase> <!-- @AfterMethod tearDown -->
  <testcase classname="com.qa.OrangeHRM.Test.AddEmployeePageTest" name="verifyAddEmployeeTest" time="0.0">
    <skipped/>
  </testcase> <!-- verifyAddEmployeeTest -->
  <testcase classname="com.qa.OrangeHRM.Test.PersonalDetailsPageTest" name="verifyEditDobTest" time="11.616"/>
  <testcase classname="com.qa.OrangeHRM.Test.PersonalDetailsPageTest" name="verifyEditGenderTest" time="11.616"/>
  <testcase classname="com.qa.OrangeHRM.Test.LoginPageTest" name="verifyLoginPageTitle" time="0.007"/>
  <testcase classname="com.qa.OrangeHRM.Test.HomePageTest" name="verifyLogoutTest" time="6.349"/>
  <testcase classname="com.qa.OrangeHRM.Test.HomePageTest" name="verifyAboutWindowIsDisplayedTest" time="5.694"/>
  <testcase classname="com.qa.OrangeHRM.Test.AddEmployeePageTest" name="verifyAddEmployeeWithLoginCredTest" time="46.347">
    <failure type="java.lang.NullPointerException" message="Cannot invoke &amp;quot;org.openqa.selenium.WebElement.getText()&amp;quot; because the return value of &amp;quot;com.qa.OrangeHRM.Pages.EmployeeDetailsPage.getEmployeeDetailsPageheaderText()&amp;quot; is null">
      <![CDATA[java.lang.NullPointerException: Cannot invoke "org.openqa.selenium.WebElement.getText()" because the return value of "com.qa.OrangeHRM.Pages.EmployeeDetailsPage.getEmployeeDetailsPageheaderText()" is null
at com.qa.OrangeHRM.Pages.EmployeeDetailsPage.verifyEmployeeDetailsPageHeader(EmployeeDetailsPage.java:70)
at com.qa.OrangeHRM.Test.AddEmployeePageTest.verifyAddEmployeeWithLoginCredTest(AddEmployeePageTest.java:74)
at java.base/java.util.ArrayList.forEach(ArrayList.java:1511)
at java.base/java.util.concurrent.FutureTask.run(FutureTask.java:264)
at java.base/java.util.concurrent.ThreadPoolExecutor.runWorker(ThreadPoolExecutor.java:1130)
at java.base/java.util.concurrent.ThreadPoolExecutor$Worker.run(ThreadPoolExecutor.java:630)
at java.base/java.lang.Thread.run(Thread.java:832)
... Removed 18 stack frames]]>
    </failure>
  </testcase> <!-- verifyAddEmployeeWithLoginCredTest -->
  <testcase classname="com.qa.OrangeHRM.Test.AddEmployeePageTest" name="verifyAddEmployeeWithLoginCredTest" time="46.771">
    <failure type="java.lang.NullPointerException" message="Cannot invoke &amp;quot;org.openqa.selenium.WebElement.getText()&amp;quot; because the return value of &amp;quot;com.qa.OrangeHRM.Pages.EmployeeDetailsPage.getEmployeeDetailsPageheaderText()&amp;quot; is null">
      <![CDATA[java.lang.NullPointerException: Cannot invoke "org.openqa.selenium.WebElement.getText()" because the return value of "com.qa.OrangeHRM.Pages.EmployeeDetailsPage.getEmployeeDetailsPageheaderText()" is null
at com.qa.OrangeHRM.Pages.EmployeeDetailsPage.verifyEmployeeDetailsPageHeader(EmployeeDetailsPage.java:70)
at com.qa.OrangeHRM.Test.AddEmployeePageTest.verifyAddEmployeeWithLoginCredTest(AddEmployeePageTest.java:74)
at java.base/java.util.ArrayList.forEach(ArrayList.java:1511)
at java.base/java.util.concurrent.FutureTask.run(FutureTask.java:264)
at java.base/java.util.concurrent.ThreadPoolExecutor.runWorker(ThreadPoolExecutor.java:1130)
at java.base/java.util.concurrent.ThreadPoolExecutor$Worker.run(ThreadPoolExecutor.java:630)
at java.base/java.lang.Thread.run(Thread.java:832)
... Removed 18 stack frames]]>
    </failure>
  </testcase> <!-- verifyAddEmployeeWithLoginCredTest -->
  <testcase classname="com.qa.OrangeHRM.Test.AddEmployeePageTest" name="verifyAddEmployeeWithLoginCredTest" time="20.828">
    <failure type="java.lang.NullPointerException" message="Cannot invoke &amp;quot;org.openqa.selenium.WebElement.getText()&amp;quot; because the return value of &amp;quot;com.qa.OrangeHRM.Pages.EmployeeDetailsPage.getEmployeeDetailsPageheaderText()&amp;quot; is null">
      <![CDATA[java.lang.NullPointerException: Cannot invoke "org.openqa.selenium.WebElement.getText()" because the return value of "com.qa.OrangeHRM.Pages.EmployeeDetailsPage.getEmployeeDetailsPageheaderText()" is null
at com.qa.OrangeHRM.Pages.EmployeeDetailsPage.verifyEmployeeDetailsPageHeader(EmployeeDetailsPage.java:70)
at com.qa.OrangeHRM.Test.AddEmployeePageTest.verifyAddEmployeeWithLoginCredTest(AddEmployeePageTest.java:74)
at java.base/java.util.ArrayList.forEach(ArrayList.java:1511)
at java.base/java.util.concurrent.FutureTask.run(FutureTask.java:264)
at java.base/java.util.concurrent.ThreadPoolExecutor.runWorker(ThreadPoolExecutor.java:1130)
at java.base/java.util.concurrent.ThreadPoolExecutor$Worker.run(ThreadPoolExecutor.java:630)
at java.base/java.lang.Thread.run(Thread.java:832)
... Removed 18 stack frames]]>
    </failure>
  </testcase> <!-- verifyAddEmployeeWithLoginCredTest -->
  <testcase classname="com.qa.OrangeHRM.Test.AddEmployeePageTest" name="verifyAddEmployeeWithLoginCredTest" time="0.0">
    <skipped/>
  </testcase> <!-- verifyAddEmployeeWithLoginCredTest -->
  <testcase classname="com.qa.OrangeHRM.Test.AddEmployeePageTest" name="verifyAddEmployeeWithLoginCredTest" time="0.0">
    <skipped/>
  </testcase> <!-- verifyAddEmployeeWithLoginCredTest -->
  <testcase classname="com.qa.OrangeHRM.Test.LoginPageTest" name="verifyLoginPageHeader" time="0.024"/>
  <testcase classname="com.qa.OrangeHRM.Test.HomePageTest" name="verifyClickOnAddEmployeeTest" time="9.517"/>
  <testcase classname="com.qa.OrangeHRM.Test.LoginPageTest" name="verifyLoginTest" time="4.832"/>
  <testcase classname="com.qa.OrangeHRM.Test.HomePageTest" name="verifyClickOnEmployeeListTest" time="20.139">
    <failure type="org.openqa.selenium.TimeoutException" message="timeout: Timed out receiving message from renderer: 20.000
  (Session info: chrome=89.0.4389.114)
Build info: version: &amp;apos;3.14.0&amp;apos;, revision: &amp;apos;aacccce0&amp;apos;, time: &amp;apos;2018-08-02T20:19:58.91Z&amp;apos;
System info: host: &amp;apos;DESKTOP-EQU5M65&amp;apos;, ip: &amp;apos;192.168.42.181&amp;apos;, os.name: &amp;apos;Windows 10&amp;apos;, os.arch: &amp;apos;amd64&amp;apos;, os.version: &amp;apos;10.0&amp;apos;, java.version: &amp;apos;15.0.2&amp;apos;
Driver info: org.openqa.selenium.chrome.ChromeDriver
Capabilities {acceptInsecureCerts: false, browserName: chrome, browserVersion: 89.0.4389.114, chrome: {chromedriverVersion: 89.0.4389.23 (61b08ee2c5002..., userDataDir: C:\Users\A715914\AppData\Lo...}, goog:chromeOptions: {debuggerAddress: localhost:49228}, javascriptEnabled: true, networkConnectionEnabled: false, pageLoadStrategy: normal, platform: WINDOWS, platformName: WINDOWS, proxy: Proxy(), setWindowRect: true, strictFileInteractability: false, timeouts: {implicit: 0, pageLoad: 300000, script: 30000}, unhandledPromptBehavior: dismiss and notify, webauthn:extension:largeBlob: true, webauthn:virtualAuthenticators: true}
Session ID: 7309de73626a7bac1e22243276bc087e">
      <![CDATA[org.openqa.selenium.TimeoutException: timeout: Timed out receiving message from renderer: 20.000
  (Session info: chrome=89.0.4389.114)
Build info: version: '3.14.0', revision: 'aacccce0', time: '2018-08-02T20:19:58.91Z'
System info: host: 'DESKTOP-EQU5M65', ip: '192.168.42.181', os.name: 'Windows 10', os.arch: 'amd64', os.version: '10.0', java.version: '15.0.2'
Driver info: org.openqa.selenium.chrome.ChromeDriver
Capabilities {acceptInsecureCerts: false, browserName: chrome, browserVersion: 89.0.4389.114, chrome: {chromedriverVersion: 89.0.4389.23 (61b08ee2c5002..., userDataDir: C:\Users\A715914\AppData\Lo...}, goog:chromeOptions: {debuggerAddress: localhost:49228}, javascriptEnabled: true, networkConnectionEnabled: false, pageLoadStrategy: normal, platform: WINDOWS, platformName: WINDOWS, proxy: Proxy(), setWindowRect: true, strictFileInteractability: false, timeouts: {implicit: 0, pageLoad: 300000, script: 30000}, unhandledPromptBehavior: dismiss and notify, webauthn:extension:largeBlob: true, webauthn:virtualAuthenticators: true}
Session ID: 7309de73626a7bac1e22243276bc087e
at org.openqa.selenium.remote.http.W3CHttpResponseCodec.createException(W3CHttpResponseCodec.java:187)
at org.openqa.selenium.remote.http.W3CHttpResponseCodec.decode(W3CHttpResponseCodec.java:122)
at org.openqa.selenium.remote.http.W3CHttpResponseCodec.decode(W3CHttpResponseCodec.java:49)
at org.openqa.selenium.remote.HttpCommandExecutor.execute(HttpCommandExecutor.java:158)
at org.openqa.selenium.remote.service.DriverCommandExecutor.execute(DriverCommandExecutor.java:83)
at org.openqa.selenium.remote.RemoteWebDriver.execute(RemoteWebDriver.java:548)
at org.openqa.selenium.remote.RemoteWebElement.execute(RemoteWebElement.java:276)
at org.openqa.selenium.remote.RemoteWebElement.click(RemoteWebElement.java:83)
at com.qa.OrangeHRM.Pages.LoginPage.doLogin(LoginPage.java:56)
at com.qa.OrangeHRM.Test.HomePageTest.verifyClickOnEmployeeListTest(HomePageTest.java:44)
at java.base/java.util.ArrayList.forEach(ArrayList.java:1511)
at java.base/java.util.concurrent.FutureTask.run(FutureTask.java:264)
at java.base/java.util.concurrent.ThreadPoolExecutor.runWorker(ThreadPoolExecutor.java:1130)
at java.base/java.util.concurrent.ThreadPoolExecutor$Worker.run(ThreadPoolExecutor.java:630)
at java.base/java.lang.Thread.run(Thread.java:832)
... Removed 23 stack frames]]>
    </failure>
  </testcase> <!-- verifyClickOnEmployeeListTest -->
  <testcase classname="com.qa.OrangeHRM.Test.LoginPageTest" name="verifyInvalidCredentialsErrorMsgTest" time="2.468"/>
  <testcase classname="com.qa.OrangeHRM.Test.HomePageTest" name="verifyClickOnReportsTest" time="8.872">
    <failure type="java.lang.AssertionError" message="expected [Employee Reports] but found [Employee Information]">
      <![CDATA[java.lang.AssertionError: expected [Employee Reports] but found [Employee Information]
at com.qa.OrangeHRM.Test.HomePageTest.verifyClickOnReportsTest(HomePageTest.java:57)
at java.base/java.util.ArrayList.forEach(ArrayList.java:1511)
at java.base/java.util.concurrent.FutureTask.run(FutureTask.java:264)
at java.base/java.util.concurrent.ThreadPoolExecutor.runWorker(ThreadPoolExecutor.java:1130)
at java.base/java.util.concurrent.ThreadPoolExecutor$Worker.run(ThreadPoolExecutor.java:630)
at java.base/java.lang.Thread.run(Thread.java:832)
... Removed 24 stack frames]]>
    </failure>
  </testcase> <!-- verifyClickOnReportsTest -->
  <testcase classname="com.qa.OrangeHRM.Test.LoginPageTest" name="verifyPassworCannotBeEmptyErrorMsgTest" time="0.114"/>
  <testcase classname="com.qa.OrangeHRM.Test.LoginPageTest" name="verifyUsernameCannotBeEmptyErrorMsgTest" time="0.067"/>
</testsuite> <!-- Test -->
